<?xml version="1.0" encoding="UTF-8"?>
<!-- Generated by org.testng.reporters.JUnitXMLReporter -->
<testsuite ignored="0" hostname="DESKTOP-MC950J7" failures="1" tests="7" name="Run on Chrome" time="51.643" errors="0" timestamp="16 Nov 2022 09:50:26 GMT">
  <testcase classname="com.game789d.club.homepage_with_789dclub" name="TC_01_Check_Betting" time="12.193"/>
  <testcase classname="com.game789d.club.homepage_with_789dclub" name="TC_02_Check_Cancel_Bet_Successful" time="11.27"/>
  <testcase classname="com.game789d.club.homepage_with_789dclub" name="TC_03_Check_Bet_Not_Successful" time="4.668"/>
  <testcase classname="com.game789d.club.homepage_with_789dclub" name="TC_04_Check_Cancle_Bet" time="0.394"/>
  <testcase classname="com.game789d.club.homepage_with_789dclub" name="TC_05_Check_History_Bet_And_Cancel" time="3.782"/>
  <testcase classname="com.game789d.club.homepage_with_789dclub" name="TC_06_Check_Slant_Bet" time="15.431">
    <failure type="java.lang.AssertionError" message="expected [true] but found [false]">
      <![CDATA[java.lang.AssertionError: expected [true] but found [false]
at commons.AbstractTest.checkTrue(AbstractTest.java:68)
at commons.AbstractTest.verifyTrue(AbstractTest.java:80)
at com.game789d.club.homepage_with_789dclub.TC_06_Check_Slant_Bet(homepage_with_789dclub.java:321)
... Removed 29 stack frames]]>
    </failure>
  </testcase> <!-- TC_06_Check_Slant_Bet -->
  <testcase classname="com.game789d.club.homepage_with_789dclub" name="TC_07_Check_Slant_Bet" time="0.003"/>
</testsuite> <!-- Run on Chrome -->
